<?xml version="1.0" encoding="UTF-8"?>
<coverage generated="1646712449">
  <project timestamp="1646712449">
    <file name="/app/app/Core/Exceptions/CoreException.php">
      <class name="Core\Exceptions\CoreException" namespace="global">
        <metrics complexity="1" methods="1" coveredmethods="1" conditionals="0" coveredconditionals="0" statements="1" coveredstatements="1" elements="2" coveredelements="2"/>
      </class>
      <line num="6" type="method" name="__construct" visibility="public" complexity="1" crap="1" count="27"/>
      <line num="7" type="stmt" count="27"/>
      <metrics loc="13" ncloc="13" classes="1" methods="1" coveredmethods="1" conditionals="0" coveredconditionals="0" statements="1" coveredstatements="1" elements="2" coveredelements="2"/>
    </file>
    <file name="/app/app/Core/Exceptions/ValidationException.php">
      <class name="Core\Exceptions\ValidationException" namespace="global">
        <metrics complexity="3" methods="3" coveredmethods="1" conditionals="0" coveredconditionals="0" statements="4" coveredstatements="2" elements="7" coveredelements="3"/>
      </class>
      <line num="8" type="method" name="__construct" visibility="public" complexity="1" crap="1" count="27"/>
      <line num="9" type="stmt" count="27"/>
      <line num="11" type="stmt" count="27"/>
      <line num="14" type="method" name="mensagemAmigavel" visibility="public" complexity="1" crap="2" count="0"/>
      <line num="16" type="stmt" count="0"/>
      <line num="19" type="method" name="mensagemLog" visibility="public" complexity="1" crap="2" count="0"/>
      <line num="21" type="stmt" count="0"/>
      <metrics loc="23" ncloc="23" classes="1" methods="3" coveredmethods="1" conditionals="0" coveredconditionals="0" statements="4" coveredstatements="2" elements="7" coveredelements="3"/>
    </file>
    <file name="/app/app/Core/Models/Autor.php">
      <class name="Core\Models\Autor" namespace="global">
        <metrics complexity="2" methods="2" coveredmethods="2" conditionals="0" coveredconditionals="0" statements="2" coveredstatements="2" elements="4" coveredelements="4"/>
      </class>
      <line num="10" type="method" name="__construct" visibility="public" complexity="1" crap="1" count="30"/>
      <line num="15" type="method" name="getId" visibility="public" complexity="1" crap="1" count="29"/>
      <line num="16" type="stmt" count="29"/>
      <metrics loc="19" ncloc="19" classes="1" methods="2" coveredmethods="2" conditionals="0" coveredconditionals="0" statements="2" coveredstatements="2" elements="4" coveredelements="4"/>
    </file>
    <file name="/app/app/Core/Models/CPF.php">
      <class name="Core\Models\CPF" namespace="global">
        <metrics complexity="11" methods="4" coveredmethods="4" conditionals="0" coveredconditionals="0" statements="48" coveredstatements="48" elements="52" coveredelements="52"/>
      </class>
      <line num="11" type="method" name="__construct" visibility="public" complexity="2" crap="2" count="49"/>
      <line num="13" type="stmt" count="49"/>
      <line num="14" type="stmt" count="13"/>
      <line num="16" type="stmt" count="36"/>
      <line num="19" type="method" name="cpfValido" visibility="private" complexity="7" crap="7" count="49"/>
      <line num="21" type="stmt" count="49"/>
      <line num="22" type="stmt" count="2"/>
      <line num="25" type="stmt" count="47"/>
      <line num="40" type="stmt" count="47"/>
      <line num="41" type="stmt" count="10"/>
      <line num="44" type="stmt" count="37"/>
      <line num="45" type="stmt" count="37"/>
      <line num="47" type="stmt" count="37"/>
      <line num="48" type="stmt" count="37"/>
      <line num="49" type="stmt" count="37"/>
      <line num="50" type="stmt" count="37"/>
      <line num="51" type="stmt" count="37"/>
      <line num="52" type="stmt" count="37"/>
      <line num="53" type="stmt" count="37"/>
      <line num="54" type="stmt" count="37"/>
      <line num="55" type="stmt" count="37"/>
      <line num="56" type="stmt" count="37"/>
      <line num="57" type="stmt" count="37"/>
      <line num="59" type="stmt" count="37"/>
      <line num="60" type="stmt" count="37"/>
      <line num="62" type="stmt" count="37"/>
      <line num="63" type="stmt" count="37"/>
      <line num="64" type="stmt" count="37"/>
      <line num="65" type="stmt" count="37"/>
      <line num="66" type="stmt" count="37"/>
      <line num="67" type="stmt" count="37"/>
      <line num="68" type="stmt" count="37"/>
      <line num="69" type="stmt" count="37"/>
      <line num="70" type="stmt" count="37"/>
      <line num="71" type="stmt" count="37"/>
      <line num="72" type="stmt" count="37"/>
      <line num="74" type="stmt" count="37"/>
      <line num="75" type="stmt" count="37"/>
      <line num="76" type="stmt" count="37"/>
      <line num="79" type="stmt" count="37"/>
      <line num="80" type="stmt" count="37"/>
      <line num="82" type="stmt" count="36"/>
      <line num="85" type="stmt" count="1"/>
      <line num="88" type="method" name="formatado" visibility="public" complexity="1" crap="1" count="3"/>
      <line num="90" type="stmt" count="3"/>
      <line num="91" type="stmt" count="3"/>
      <line num="92" type="stmt" count="3"/>
      <line num="93" type="stmt" count="3"/>
      <line num="94" type="stmt" count="3"/>
      <line num="96" type="stmt" count="3"/>
      <line num="99" type="method" name="getNumero" visibility="public" complexity="1" crap="1" count="32"/>
      <line num="101" type="stmt" count="32"/>
      <metrics loc="103" ncloc="103" classes="1" methods="4" coveredmethods="4" conditionals="0" coveredconditionals="0" statements="48" coveredstatements="48" elements="52" coveredelements="52"/>
    </file>
    <file name="/app/app/Core/Models/Email.php">
      <class name="Core\Models\Email" namespace="global">
        <metrics complexity="4" methods="3" coveredmethods="3" conditionals="0" coveredconditionals="0" statements="6" coveredstatements="6" elements="9" coveredelements="9"/>
      </class>
      <line num="11" type="method" name="__construct" visibility="public" complexity="1" crap="1" count="40"/>
      <line num="13" type="stmt" count="40"/>
      <line num="16" type="method" name="getEmail" visibility="public" complexity="1" crap="1" count="32"/>
      <line num="17" type="stmt" count="32"/>
      <line num="20" type="method" name="setEmail" visibility="public" complexity="2" crap="2" count="40"/>
      <line num="21" type="stmt" count="40"/>
      <line num="22" type="stmt" count="7"/>
      <line num="24" type="stmt" count="33"/>
      <line num="25" type="stmt" count="33"/>
      <metrics loc="27" ncloc="27" classes="1" methods="3" coveredmethods="3" conditionals="0" coveredconditionals="0" statements="6" coveredstatements="6" elements="9" coveredelements="9"/>
    </file>
    <file name="/app/app/Core/Models/Emprestimo.php">
      <class name="Core\Models\Emprestimo" namespace="global">
        <metrics complexity="5" methods="5" coveredmethods="3" conditionals="0" coveredconditionals="0" statements="11" coveredstatements="7" elements="16" coveredelements="10"/>
      </class>
      <line num="15" type="method" name="__construct" visibility="public" complexity="1" crap="1" count="12"/>
      <line num="22" type="stmt" count="12"/>
      <line num="23" type="stmt" count="12"/>
      <line num="25" type="stmt" count="12"/>
      <line num="29" type="stmt" count="12"/>
      <line num="32" type="method" name="getId" visibility="public" complexity="1" crap="1" count="11"/>
      <line num="33" type="stmt" count="11"/>
      <line num="36" type="method" name="ativar" visibility="public" complexity="1" crap="2" count="0"/>
      <line num="37" type="stmt" count="0"/>
      <line num="38" type="stmt" count="0"/>
      <line num="41" type="method" name="inativar" visibility="public" complexity="1" crap="2" count="0"/>
      <line num="42" type="stmt" count="0"/>
      <line num="43" type="stmt" count="0"/>
      <line num="46" type="method" name="getAtivo" visibility="public" complexity="1" crap="1" count="3"/>
      <line num="47" type="stmt" count="3"/>
      <metrics loc="50" ncloc="50" classes="1" methods="5" coveredmethods="3" conditionals="0" coveredconditionals="0" statements="11" coveredstatements="7" elements="16" coveredelements="10"/>
    </file>
    <file name="/app/app/Core/Models/Livro.php">
      <class name="Core\Models\Livro" namespace="global">
        <metrics complexity="5" methods="5" coveredmethods="5" conditionals="0" coveredconditionals="0" statements="8" coveredstatements="8" elements="13" coveredelements="13"/>
      </class>
      <line num="15" type="method" name="__construct" visibility="public" complexity="1" crap="1" count="22"/>
      <line num="21" type="stmt" count="22"/>
      <line num="24" type="method" name="getId" visibility="public" complexity="1" crap="1" count="21"/>
      <line num="25" type="stmt" count="21"/>
      <line num="28" type="method" name="ativar" visibility="public" complexity="1" crap="1" count="1"/>
      <line num="29" type="stmt" count="1"/>
      <line num="30" type="stmt" count="1"/>
      <line num="33" type="method" name="inativar" visibility="public" complexity="1" crap="1" count="1"/>
      <line num="34" type="stmt" count="1"/>
      <line num="35" type="stmt" count="1"/>
      <line num="38" type="method" name="getAtivo" visibility="public" complexity="1" crap="1" count="13"/>
      <line num="39" type="stmt" count="13"/>
      <metrics loc="42" ncloc="42" classes="1" methods="5" coveredmethods="5" conditionals="0" coveredconditionals="0" statements="8" coveredstatements="8" elements="13" coveredelements="13"/>
    </file>
    <file name="/app/app/Core/Models/Papel.php">
      <class name="Core\Models\Papel" namespace="global">
        <metrics complexity="3" methods="2" coveredmethods="1" conditionals="0" coveredconditionals="0" statements="5" coveredstatements="4" elements="7" coveredelements="5"/>
      </class>
      <line num="11" type="method" name="__construct" visibility="public" complexity="2" crap="2.06" count="33"/>
      <line num="14" type="stmt" count="33"/>
      <line num="15" type="stmt" count="33"/>
      <line num="17" type="stmt" count="0"/>
      <line num="21" type="method" name="get" visibility="public" complexity="1" crap="1" count="32"/>
      <line num="23" type="stmt" count="32"/>
      <metrics loc="25" ncloc="25" classes="1" methods="2" coveredmethods="1" conditionals="0" coveredconditionals="0" statements="5" coveredstatements="4" elements="7" coveredelements="5"/>
    </file>
    <file name="/app/app/Core/Models/Usuario.php">
      <class name="Core\Models\Usuario" namespace="global">
        <metrics complexity="6" methods="6" coveredmethods="6" conditionals="0" coveredconditionals="0" statements="9" coveredstatements="9" elements="15" coveredelements="15"/>
      </class>
      <line num="17" type="method" name="__construct" visibility="public" complexity="1" crap="1" count="33"/>
      <line num="25" type="stmt" count="33"/>
      <line num="28" type="method" name="getId" visibility="public" complexity="1" crap="1" count="32"/>
      <line num="29" type="stmt" count="32"/>
      <line num="32" type="method" name="getSenha" visibility="public" complexity="1" crap="1" count="4"/>
      <line num="33" type="stmt" count="4"/>
      <line num="36" type="method" name="ativar" visibility="public" complexity="1" crap="1" count="1"/>
      <line num="37" type="stmt" count="1"/>
      <line num="38" type="stmt" count="1"/>
      <line num="41" type="method" name="inativar" visibility="public" complexity="1" crap="1" count="1"/>
      <line num="42" type="stmt" count="1"/>
      <line num="43" type="stmt" count="1"/>
      <line num="46" type="method" name="getAtivo" visibility="public" complexity="1" crap="1" count="1"/>
      <line num="47" type="stmt" count="1"/>
      <metrics loc="49" ncloc="48" classes="1" methods="6" coveredmethods="6" conditionals="0" coveredconditionals="0" statements="9" coveredstatements="9" elements="15" coveredelements="15"/>
    </file>
    <file name="/app/app/Core/Providers/ICriptografiaProvider.php">
      <metrics loc="9" ncloc="9" classes="0" methods="0" coveredmethods="0" conditionals="0" coveredconditionals="0" statements="0" coveredstatements="0" elements="0" coveredelements="0"/>
    </file>
    <file name="/app/app/Core/Repositories/IAutoresRepository.php">
      <metrics loc="14" ncloc="14" classes="0" methods="0" coveredmethods="0" conditionals="0" coveredconditionals="0" statements="0" coveredstatements="0" elements="0" coveredelements="0"/>
    </file>
    <file name="/app/app/Core/Repositories/IEmprestimosRepository.php">
      <metrics loc="16" ncloc="16" classes="0" methods="0" coveredmethods="0" conditionals="0" coveredconditionals="0" statements="0" coveredstatements="0" elements="0" coveredelements="0"/>
    </file>
    <file name="/app/app/Core/Repositories/ILivrosRepository.php">
      <metrics loc="13" ncloc="13" classes="0" methods="0" coveredmethods="0" conditionals="0" coveredconditionals="0" statements="0" coveredstatements="0" elements="0" coveredelements="0"/>
    </file>
    <file name="/app/app/Core/Repositories/IUsuariosRepository.php">
      <metrics loc="14" ncloc="14" classes="0" methods="0" coveredmethods="0" conditionals="0" coveredconditionals="0" statements="0" coveredstatements="0" elements="0" coveredelements="0"/>
    </file>
    <file name="/app/app/Core/Services/Emprestimo/CadastroAutorService.php">
      <class name="Core\Services\Emprestimo\CadastroAutorService" namespace="global">
        <metrics complexity="3" methods="2" coveredmethods="2" conditionals="0" coveredconditionals="0" statements="7" coveredstatements="7" elements="9" coveredelements="9"/>
      </class>
      <line num="15" type="method" name="__construct" visibility="public" complexity="1" crap="1" count="32"/>
      <line num="19" type="method" name="execute" visibility="public" complexity="2" crap="2" count="29"/>
      <line num="23" type="stmt" count="29"/>
      <line num="25" type="stmt" count="29"/>
      <line num="26" type="stmt" count="2"/>
      <line num="27" type="stmt" count="2"/>
      <line num="29" type="stmt" count="29"/>
      <line num="35" type="stmt" count="29"/>
      <metrics loc="38" ncloc="38" classes="1" methods="2" coveredmethods="2" conditionals="0" coveredconditionals="0" statements="7" coveredstatements="7" elements="9" coveredelements="9"/>
    </file>
    <file name="/app/app/Core/Services/Emprestimo/CadastroLivroService.php">
      <class name="Core\Services\Emprestimo\CadastroLivroService" namespace="global">
        <metrics complexity="3" methods="2" coveredmethods="2" conditionals="0" coveredconditionals="0" statements="10" coveredstatements="10" elements="12" coveredelements="12"/>
      </class>
      <line num="17" type="method" name="__construct" visibility="public" complexity="1" crap="1" count="25"/>
      <line num="22" type="method" name="execute" visibility="public" complexity="2" crap="2" count="21"/>
      <line num="28" type="stmt" count="21"/>
      <line num="30" type="stmt" count="21"/>
      <line num="32" type="stmt" count="21"/>
      <line num="33" type="stmt" count="1"/>
      <line num="34" type="stmt" count="1"/>
      <line num="35" type="stmt" count="1"/>
      <line num="36" type="stmt" count="1"/>
      <line num="38" type="stmt" count="21"/>
      <line num="45" type="stmt" count="21"/>
      <metrics loc="47" ncloc="47" classes="1" methods="2" coveredmethods="2" conditionals="0" coveredconditionals="0" statements="10" coveredstatements="10" elements="12" coveredelements="12"/>
    </file>
    <file name="/app/app/Core/Services/Emprestimo/DevolucaoService.php">
      <class name="Core\Services\Emprestimo\DevolucaoService" namespace="global">
        <metrics complexity="5" methods="2" coveredmethods="2" conditionals="0" coveredconditionals="0" statements="8" coveredstatements="8" elements="10" coveredelements="10"/>
      </class>
      <line num="19" type="method" name="__construct" visibility="public" complexity="1" crap="1" count="12"/>
      <line num="23" type="method" name="execute" visibility="public" complexity="4" crap="4" count="4"/>
      <line num="25" type="stmt" count="4"/>
      <line num="27" type="stmt" count="4"/>
      <line num="28" type="stmt" count="1"/>
      <line num="31" type="stmt" count="3"/>
      <line num="32" type="stmt" count="1"/>
      <line num="35" type="stmt" count="3"/>
      <line num="37" type="stmt" count="3"/>
      <metrics loc="40" ncloc="40" classes="1" methods="2" coveredmethods="2" conditionals="0" coveredconditionals="0" statements="8" coveredstatements="8" elements="10" coveredelements="10"/>
    </file>
    <file name="/app/app/Core/Services/Emprestimo/EmprestimoService.php">
      <class name="Core\Services\Emprestimo\EmprestimoService" namespace="global">
        <metrics complexity="3" methods="2" coveredmethods="2" conditionals="0" coveredconditionals="0" statements="15" coveredstatements="15" elements="17" coveredelements="17"/>
      </class>
      <line num="21" type="method" name="__construct" visibility="public" complexity="1" crap="1" count="13"/>
      <line num="27" type="method" name="execute" visibility="public" complexity="2" crap="2" count="11"/>
      <line num="32" type="stmt" count="11"/>
      <line num="33" type="stmt" count="11"/>
      <line num="34" type="stmt" count="11"/>
      <line num="36" type="stmt" count="11"/>
      <line num="37" type="stmt" count="11"/>
      <line num="40" type="stmt" count="11"/>
      <line num="41" type="stmt" count="11"/>
      <line num="42" type="stmt" count="11"/>
      <line num="43" type="stmt" count="11"/>
      <line num="45" type="stmt" count="11"/>
      <line num="46" type="stmt" count="1"/>
      <line num="49" type="stmt" count="11"/>
      <line num="53" type="stmt" count="11"/>
      <line num="56" type="stmt" count="11"/>
      <metrics loc="58" ncloc="58" classes="1" methods="2" coveredmethods="2" conditionals="0" coveredconditionals="0" statements="15" coveredstatements="15" elements="17" coveredelements="17"/>
    </file>
    <file name="/app/app/Core/Services/Usuario/CadastroUsuarioService.php">
      <class name="Core\Services\Usuario\CadastroUsuarioService" namespace="global">
        <metrics complexity="5" methods="2" coveredmethods="2" conditionals="0" coveredconditionals="0" statements="15" coveredstatements="15" elements="17" coveredelements="17"/>
      </class>
      <line num="24" type="method" name="__construct" visibility="public" complexity="1" crap="1" count="38"/>
      <line num="29" type="method" name="execute" visibility="public" complexity="4" crap="4" count="32"/>
      <line num="36" type="stmt" count="32"/>
      <line num="37" type="stmt" count="7"/>
      <line num="40" type="stmt" count="32"/>
      <line num="42" type="stmt" count="32"/>
      <line num="44" type="stmt" count="32"/>
      <line num="45" type="stmt" count="1"/>
      <line num="48" type="stmt" count="32"/>
      <line num="50" type="stmt" count="32"/>
      <line num="51" type="stmt" count="1"/>
      <line num="54" type="stmt" count="32"/>
      <line num="56" type="stmt" count="32"/>
      <line num="58" type="stmt" count="32"/>
      <line num="59" type="stmt" count="32"/>
      <line num="62" type="stmt" count="32"/>
      <metrics loc="64" ncloc="64" classes="1" methods="2" coveredmethods="2" conditionals="0" coveredconditionals="0" statements="15" coveredstatements="15" elements="17" coveredelements="17"/>
    </file>
    <file name="/app/app/Core/Services/Usuario/EdicaoUsuarioService.php">
      <class name="Core\Services\Usuario\EdicaoUsuarioService" namespace="global">
        <metrics complexity="8" methods="2" coveredmethods="1" conditionals="0" coveredconditionals="0" statements="19" coveredstatements="18" elements="21" coveredelements="19"/>
      </class>
      <line num="21" type="method" name="__construct" visibility="public" complexity="1" crap="1" count="19"/>
      <line num="25" type="method" name="execute" visibility="public" complexity="7" crap="7.01" count="4"/>
      <line num="32" type="stmt" count="4"/>
      <line num="33" type="stmt" count="4"/>
      <line num="36" type="stmt" count="4"/>
      <line num="38" type="stmt" count="4"/>
      <line num="39" type="stmt" count="0"/>
      <line num="42" type="stmt" count="4"/>
      <line num="43" type="stmt" count="3"/>
      <line num="45" type="stmt" count="3"/>
      <line num="46" type="stmt" count="1"/>
      <line num="50" type="stmt" count="3"/>
      <line num="51" type="stmt" count="2"/>
      <line num="52" type="stmt" count="2"/>
      <line num="53" type="stmt" count="1"/>
      <line num="57" type="stmt" count="2"/>
      <line num="58" type="stmt" count="2"/>
      <line num="59" type="stmt" count="2"/>
      <line num="60" type="stmt" count="2"/>
      <line num="62" type="stmt" count="2"/>
      <metrics loc="64" ncloc="64" classes="1" methods="2" coveredmethods="1" conditionals="0" coveredconditionals="0" statements="19" coveredstatements="18" elements="21" coveredelements="19"/>
    </file>
    <file name="/app/app/Core/Services/Usuario/LoginEmailSenhaService.php">
      <class name="Core\Services\Usuario\LoginEmailSenhaService" namespace="global">
        <metrics complexity="3" methods="2" coveredmethods="2" conditionals="0" coveredconditionals="0" statements="6" coveredstatements="6" elements="8" coveredelements="8"/>
      </class>
      <line num="22" type="method" name="__construct" visibility="public" complexity="1" crap="1" count="3"/>
      <line num="27" type="method" name="execute" visibility="public" complexity="2" crap="2" count="3"/>
      <line num="31" type="stmt" count="3"/>
      <line num="33" type="stmt" count="3"/>
      <line num="34" type="stmt" count="1"/>
      <line num="37" type="stmt" count="2"/>
      <line num="38" type="stmt" count="2"/>
      <metrics loc="41" ncloc="41" classes="1" methods="2" coveredmethods="2" conditionals="0" coveredconditionals="0" statements="6" coveredstatements="6" elements="8" coveredelements="8"/>
    </file>
    <file name="/app/app/Core/Traits/Clock.php">
      <class name="Core\Traits\Clock" namespace="global">
        <metrics complexity="1" methods="1" coveredmethods="1" conditionals="0" coveredconditionals="0" statements="1" coveredstatements="1" elements="2" coveredelements="2"/>
      </class>
      <line num="10" type="method" name="now" visibility="protected" complexity="1" crap="1" count="11"/>
      <line num="12" type="stmt" count="11"/>
      <metrics loc="14" ncloc="14" classes="1" methods="1" coveredmethods="1" conditionals="0" coveredconditionals="0" statements="1" coveredstatements="1" elements="2" coveredelements="2"/>
    </file>
    <file name="/app/app/Http/Controllers/AuthController.php">
      <class name="App\Http\Controllers\AuthController" namespace="global">
        <metrics complexity="3" methods="2" coveredmethods="2" conditionals="0" coveredconditionals="0" statements="9" coveredstatements="9" elements="11" coveredelements="11"/>
      </class>
      <line num="14" type="method" name="__construct" visibility="public" complexity="1" crap="1" count="3"/>
      <line num="43" type="method" name="loginJWT" visibility="public" complexity="2" crap="2" count="3"/>
      <line num="45" type="stmt" count="3"/>
      <line num="50" type="stmt" count="3"/>
      <line num="52" type="stmt" count="3"/>
      <line num="53" type="stmt" count="2"/>
      <line num="56" type="stmt" count="1"/>
      <line num="57" type="stmt" count="1"/>
      <line num="58" type="stmt" count="1"/>
      <line num="62" type="stmt" count="1"/>
      <metrics loc="64" ncloc="39" classes="1" methods="2" coveredmethods="2" conditionals="0" coveredconditionals="0" statements="9" coveredstatements="9" elements="11" coveredelements="11"/>
    </file>
    <file name="/app/app/Http/Controllers/AuthorController.php">
      <class name="App\Http\Controllers\AuthorController" namespace="global">
        <metrics complexity="9" methods="7" coveredmethods="7" conditionals="0" coveredconditionals="0" statements="25" coveredstatements="25" elements="32" coveredelements="32"/>
      </class>
      <line num="19" type="method" name="__construct" visibility="public" complexity="1" crap="1" count="10"/>
      <line num="40" type="method" name="show" visibility="public" complexity="1" crap="1" count="2"/>
      <line num="42" type="stmt" count="2"/>
      <line num="44" type="stmt" count="1"/>
      <line num="68" type="method" name="index" visibility="public" complexity="2" crap="2" count="2"/>
      <line num="70" type="stmt" count="2"/>
      <line num="72" type="stmt" count="2"/>
      <line num="74" type="stmt" count="2"/>
      <line num="75" type="stmt" count="1"/>
      <line num="78" type="stmt" count="2"/>
      <line num="80" type="stmt" count="2"/>
      <line num="104" type="method" name="store" visibility="public" complexity="1" crap="1" count="2"/>
      <line num="106" type="stmt" count="2"/>
      <line num="110" type="stmt" count="2"/>
      <line num="111" type="stmt" count="2"/>
      <line num="114" type="stmt" count="2"/>
      <line num="145" type="method" name="update" visibility="public" complexity="1" crap="1" count="2"/>
      <line num="147" type="stmt" count="2"/>
      <line num="149" type="stmt" count="1"/>
      <line num="153" type="stmt" count="1"/>
      <line num="155" type="stmt" count="1"/>
      <line num="158" type="stmt" count="1"/>
      <line num="177" type="method" name="destroy" visibility="public" complexity="1" crap="1" count="2"/>
      <line num="179" type="stmt" count="2"/>
      <line num="181" type="stmt" count="1"/>
      <line num="183" type="stmt" count="1"/>
      <line num="186" type="method" name="findOrFail" visibility="private" complexity="2" crap="2" count="6"/>
      <line num="188" type="stmt" count="6"/>
      <line num="190" type="stmt" count="6"/>
      <line num="191" type="stmt" count="3"/>
      <line num="194" type="stmt" count="3"/>
      <metrics loc="196" ncloc="94" classes="1" methods="7" coveredmethods="7" conditionals="0" coveredconditionals="0" statements="25" coveredstatements="25" elements="32" coveredelements="32"/>
    </file>
    <file name="/app/app/Http/Controllers/BookController.php">
      <class name="App\Http\Controllers\BookController" namespace="global">
        <metrics complexity="10" methods="8" coveredmethods="8" conditionals="0" coveredconditionals="0" statements="34" coveredstatements="34" elements="42" coveredelements="42"/>
      </class>
      <line num="19" type="method" name="__construct" visibility="public" complexity="1" crap="1" count="12"/>
      <line num="40" type="method" name="show" visibility="public" complexity="1" crap="1" count="2"/>
      <line num="42" type="stmt" count="2"/>
      <line num="44" type="stmt" count="1"/>
      <line num="68" type="method" name="index" visibility="public" complexity="2" crap="2" count="2"/>
      <line num="70" type="stmt" count="2"/>
      <line num="72" type="stmt" count="2"/>
      <line num="74" type="stmt" count="2"/>
      <line num="75" type="stmt" count="1"/>
      <line num="78" type="stmt" count="2"/>
      <line num="80" type="stmt" count="2"/>
      <line num="114" type="method" name="store" visibility="public" complexity="1" crap="1" count="2"/>
      <line num="116" type="stmt" count="2"/>
      <line num="122" type="stmt" count="2"/>
      <line num="123" type="stmt" count="2"/>
      <line num="124" type="stmt" count="2"/>
      <line num="125" type="stmt" count="2"/>
      <line num="128" type="stmt" count="2"/>
      <line num="169" type="method" name="update" visibility="public" complexity="1" crap="1" count="2"/>
      <line num="171" type="stmt" count="2"/>
      <line num="173" type="stmt" count="1"/>
      <line num="179" type="stmt" count="1"/>
      <line num="181" type="stmt" count="1"/>
      <line num="182" type="stmt" count="1"/>
      <line num="183" type="stmt" count="1"/>
      <line num="186" type="stmt" count="1"/>
      <line num="205" type="method" name="destroy" visibility="public" complexity="1" crap="1" count="2"/>
      <line num="207" type="stmt" count="2"/>
      <line num="208" type="stmt" count="1"/>
      <line num="209" type="stmt" count="1"/>
      <line num="211" type="stmt" count="1"/>
      <line num="230" type="method" name="activate" visibility="public" complexity="1" crap="1" count="2"/>
      <line num="232" type="stmt" count="2"/>
      <line num="233" type="stmt" count="1"/>
      <line num="234" type="stmt" count="1"/>
      <line num="236" type="stmt" count="1"/>
      <line num="239" type="method" name="findOrFail" visibility="private" complexity="2" crap="2" count="8"/>
      <line num="241" type="stmt" count="8"/>
      <line num="243" type="stmt" count="8"/>
      <line num="244" type="stmt" count="4"/>
      <line num="247" type="stmt" count="4"/>
      <metrics loc="250" ncloc="112" classes="1" methods="8" coveredmethods="8" conditionals="0" coveredconditionals="0" statements="34" coveredstatements="34" elements="42" coveredelements="42"/>
    </file>
    <file name="/app/app/Http/Controllers/Controller.php">
      <class name="App\Http\Controllers\Controller" namespace="global">
        <metrics complexity="3" methods="1" coveredmethods="1" conditionals="0" coveredconditionals="0" statements="5" coveredstatements="5" elements="6" coveredelements="6"/>
      </class>
      <line num="11" type="method" name="getArrayOfRequestedValues" visibility="public" complexity="3" crap="3" count="3"/>
      <line num="13" type="stmt" count="3"/>
      <line num="15" type="stmt" count="3"/>
      <line num="16" type="stmt" count="3"/>
      <line num="17" type="stmt" count="2"/>
      <line num="21" type="stmt" count="3"/>
      <metrics loc="23" ncloc="23" classes="1" methods="1" coveredmethods="1" conditionals="0" coveredconditionals="0" statements="5" coveredstatements="5" elements="6" coveredelements="6"/>
    </file>
    <file name="/app/app/Http/Controllers/LoanController.php">
      <class name="App\Http\Controllers\LoanController" namespace="global">
        <metrics complexity="7" methods="6" coveredmethods="6" conditionals="0" coveredconditionals="0" statements="21" coveredstatements="21" elements="27" coveredelements="27"/>
      </class>
      <line num="20" type="method" name="__construct" visibility="public" complexity="1" crap="1" count="9"/>
      <line num="42" type="method" name="show" visibility="public" complexity="1" crap="1" count="2"/>
      <line num="44" type="stmt" count="2"/>
      <line num="46" type="stmt" count="1"/>
      <line num="76" type="method" name="index" visibility="public" complexity="1" crap="1" count="3"/>
      <line num="78" type="stmt" count="3"/>
      <line num="80" type="stmt" count="3"/>
      <line num="82" type="stmt" count="3"/>
      <line num="88" type="stmt" count="3"/>
      <line num="90" type="stmt" count="3"/>
      <line num="124" type="method" name="store" visibility="public" complexity="1" crap="1" count="2"/>
      <line num="126" type="stmt" count="2"/>
      <line num="132" type="stmt" count="2"/>
      <line num="133" type="stmt" count="2"/>
      <line num="134" type="stmt" count="2"/>
      <line num="135" type="stmt" count="2"/>
      <line num="138" type="stmt" count="2"/>
      <line num="157" type="method" name="devolution" visibility="public" complexity="1" crap="1" count="2"/>
      <line num="159" type="stmt" count="2"/>
      <line num="161" type="stmt" count="1"/>
      <line num="165" type="stmt" count="1"/>
      <line num="168" type="method" name="findOrFail" visibility="private" complexity="2" crap="2" count="4"/>
      <line num="170" type="stmt" count="4"/>
      <line num="172" type="stmt" count="4"/>
      <line num="173" type="stmt" count="2"/>
      <line num="176" type="stmt" count="2"/>
      <metrics loc="179" ncloc="89" classes="1" methods="6" coveredmethods="6" conditionals="0" coveredconditionals="0" statements="21" coveredstatements="21" elements="27" coveredelements="27"/>
    </file>
    <file name="/app/app/Http/Controllers/UserController.php">
      <class name="App\Http\Controllers\UserController" namespace="global">
        <metrics complexity="16" methods="8" coveredmethods="6" conditionals="0" coveredconditionals="0" statements="49" coveredstatements="46" elements="57" coveredelements="52"/>
      </class>
      <line num="23" type="method" name="__construct" visibility="public" complexity="1" crap="1" count="16"/>
      <line num="45" type="method" name="show" visibility="public" complexity="2" crap="2" count="2"/>
      <line num="47" type="stmt" count="2"/>
      <line num="49" type="stmt" count="2"/>
      <line num="50" type="stmt" count="1"/>
      <line num="53" type="stmt" count="1"/>
      <line num="98" type="method" name="index" visibility="public" complexity="5" crap="5.12" count="4"/>
      <line num="100" type="stmt" count="4"/>
      <line num="102" type="stmt" count="4"/>
      <line num="104" type="stmt" count="4"/>
      <line num="105" type="stmt" count="1"/>
      <line num="108" type="stmt" count="4"/>
      <line num="109" type="stmt" count="0"/>
      <line num="112" type="stmt" count="4"/>
      <line num="113" type="stmt" count="1"/>
      <line num="116" type="stmt" count="4"/>
      <line num="117" type="stmt" count="0"/>
      <line num="120" type="stmt" count="4"/>
      <line num="122" type="stmt" count="4"/>
      <line num="166" type="method" name="store" visibility="public" complexity="2" crap="2" count="4"/>
      <line num="168" type="stmt" count="4"/>
      <line num="175" type="stmt" count="3"/>
      <line num="177" type="stmt" count="3"/>
      <line num="178" type="stmt" count="1"/>
      <line num="181" type="stmt" count="3"/>
      <line num="182" type="stmt" count="3"/>
      <line num="183" type="stmt" count="3"/>
      <line num="184" type="stmt" count="3"/>
      <line num="185" type="stmt" count="3"/>
      <line num="189" type="stmt" count="3"/>
      <line num="240" type="method" name="update" visibility="public" complexity="2" crap="2.00" count="2"/>
      <line num="242" type="stmt" count="2"/>
      <line num="244" type="stmt" count="1"/>
      <line num="250" type="stmt" count="1"/>
      <line num="252" type="stmt" count="1"/>
      <line num="253" type="stmt" count="0"/>
      <line num="256" type="stmt" count="1"/>
      <line num="258" type="stmt" count="1"/>
      <line num="259" type="stmt" count="1"/>
      <line num="260" type="stmt" count="1"/>
      <line num="264" type="stmt" count="1"/>
      <line num="283" type="method" name="destroy" visibility="public" complexity="1" crap="1" count="2"/>
      <line num="285" type="stmt" count="2"/>
      <line num="286" type="stmt" count="1"/>
      <line num="287" type="stmt" count="1"/>
      <line num="289" type="stmt" count="1"/>
      <line num="308" type="method" name="activate" visibility="public" complexity="1" crap="1" count="2"/>
      <line num="310" type="stmt" count="2"/>
      <line num="311" type="stmt" count="1"/>
      <line num="312" type="stmt" count="1"/>
      <line num="314" type="stmt" count="1"/>
      <line num="317" type="method" name="findOrFail" visibility="private" complexity="2" crap="2" count="6"/>
      <line num="319" type="stmt" count="6"/>
      <line num="321" type="stmt" count="6"/>
      <line num="322" type="stmt" count="3"/>
      <line num="325" type="stmt" count="3"/>
      <metrics loc="327" ncloc="148" classes="1" methods="8" coveredmethods="6" conditionals="0" coveredconditionals="0" statements="49" coveredstatements="46" elements="57" coveredelements="52"/>
    </file>
    <file name="/app/app/Http/Middleware/Authenticate.php">
      <class name="App\Http\Middleware\Authenticate" namespace="global">
        <metrics complexity="4" methods="2" coveredmethods="2" conditionals="0" coveredconditionals="0" statements="6" coveredstatements="6" elements="8" coveredelements="8"/>
      </class>
      <line num="14" type="method" name="__construct" visibility="public" complexity="1" crap="1" count="76"/>
      <line num="16" type="method" name="handle" visibility="public" complexity="3" crap="3" count="76"/>
      <line num="19" type="stmt" count="76"/>
      <line num="20" type="stmt" count="21"/>
      <line num="23" type="stmt" count="55"/>
      <line num="24" type="stmt" count="21"/>
      <line num="25" type="stmt" count="21"/>
      <metrics loc="28" ncloc="28" classes="1" methods="2" coveredmethods="2" conditionals="0" coveredconditionals="0" statements="6" coveredstatements="6" elements="8" coveredelements="8"/>
    </file>
    <file name="/app/app/Http/Middleware/HasRole.php">
      <class name="App\Http\Middleware\HasRole" namespace="global">
        <metrics complexity="5" methods="2" coveredmethods="2" conditionals="0" coveredconditionals="0" statements="7" coveredstatements="7" elements="9" coveredelements="9"/>
      </class>
      <line num="13" type="method" name="__construct" visibility="public" complexity="1" crap="1" count="47"/>
      <line num="15" type="method" name="handle" visibility="public" complexity="4" crap="4" count="47"/>
      <line num="18" type="stmt" count="47"/>
      <line num="19" type="stmt" count="47"/>
      <line num="20" type="stmt" count="35"/>
      <line num="24" type="stmt" count="12"/>
      <line num="25" type="stmt" count="12"/>
      <line num="26" type="stmt" count="12"/>
      <metrics loc="30" ncloc="30" classes="1" methods="2" coveredmethods="2" conditionals="0" coveredconditionals="0" statements="7" coveredstatements="7" elements="9" coveredelements="9"/>
    </file>
    <file name="/app/app/Http/Resources/AuthorResource.php">
      <class name="App\Http\Resources\AuthorResource" namespace="global">
        <metrics complexity="1" methods="1" coveredmethods="1" conditionals="0" coveredconditionals="0" statements="2" coveredstatements="2" elements="3" coveredelements="3"/>
      </class>
      <line num="9" type="method" name="toArray" visibility="public" complexity="1" crap="1" count="19"/>
      <line num="12" type="stmt" count="19"/>
      <line num="13" type="stmt" count="19"/>
      <metrics loc="16" ncloc="16" classes="1" methods="1" coveredmethods="1" conditionals="0" coveredconditionals="0" statements="2" coveredstatements="2" elements="3" coveredelements="3"/>
    </file>
    <file name="/app/app/Http/Resources/BookResource.php">
      <class name="App\Http\Resources\BookResource" namespace="global">
        <metrics complexity="1" methods="1" coveredmethods="1" conditionals="0" coveredconditionals="0" statements="5" coveredstatements="5" elements="6" coveredelements="6"/>
      </class>
      <line num="9" type="method" name="toArray" visibility="public" complexity="1" crap="1" count="13"/>
      <line num="12" type="stmt" count="13"/>
      <line num="13" type="stmt" count="13"/>
      <line num="14" type="stmt" count="13"/>
      <line num="15" type="stmt" count="13"/>
      <line num="16" type="stmt" count="13"/>
      <metrics loc="20" ncloc="20" classes="1" methods="1" coveredmethods="1" conditionals="0" coveredconditionals="0" statements="5" coveredstatements="5" elements="6" coveredelements="6"/>
    </file>
    <file name="/app/app/Http/Resources/LoanResource.php">
      <class name="App\Http\Resources\LoanResource" namespace="global">
        <metrics complexity="1" methods="1" coveredmethods="1" conditionals="0" coveredconditionals="0" statements="7" coveredstatements="7" elements="8" coveredelements="8"/>
      </class>
      <line num="9" type="method" name="toArray" visibility="public" complexity="1" crap="1" count="7"/>
      <line num="12" type="stmt" count="7"/>
      <line num="13" type="stmt" count="7"/>
      <line num="14" type="stmt" count="7"/>
      <line num="15" type="stmt" count="7"/>
      <line num="16" type="stmt" count="7"/>
      <line num="17" type="stmt" count="7"/>
      <line num="18" type="stmt" count="7"/>
      <metrics loc="21" ncloc="21" classes="1" methods="1" coveredmethods="1" conditionals="0" coveredconditionals="0" statements="7" coveredstatements="7" elements="8" coveredelements="8"/>
    </file>
    <file name="/app/app/Http/Resources/UserResource.php">
      <class name="App\Http\Resources\UserResource" namespace="global">
        <metrics complexity="1" methods="1" coveredmethods="1" conditionals="0" coveredconditionals="0" statements="5" coveredstatements="5" elements="6" coveredelements="6"/>
      </class>
      <line num="9" type="method" name="toArray" visibility="public" complexity="1" crap="1" count="15"/>
      <line num="12" type="stmt" count="15"/>
      <line num="13" type="stmt" count="15"/>
      <line num="14" type="stmt" count="15"/>
      <line num="15" type="stmt" count="15"/>
      <line num="16" type="stmt" count="15"/>
      <metrics loc="20" ncloc="20" classes="1" methods="1" coveredmethods="1" conditionals="0" coveredconditionals="0" statements="5" coveredstatements="5" elements="6" coveredelements="6"/>
    </file>
    <file name="/app/routes/web.php">
      <line num="16" type="stmt" count="83"/>
      <line num="17" type="stmt" count="0"/>
      <line num="20" type="stmt" count="83"/>
      <line num="21" type="stmt" count="0"/>
      <line num="24" type="stmt" count="83"/>
      <line num="25" type="stmt" count="83"/>
      <line num="27" type="stmt" count="83"/>
      <line num="28" type="stmt" count="83"/>
      <line num="31" type="stmt" count="83"/>
      <line num="32" type="stmt" count="83"/>
      <line num="33" type="stmt" count="83"/>
      <line num="34" type="stmt" count="83"/>
      <line num="35" type="stmt" count="83"/>
      <line num="36" type="stmt" count="83"/>
      <line num="37" type="stmt" count="83"/>
      <line num="38" type="stmt" count="83"/>
      <line num="42" type="stmt" count="83"/>
      <line num="43" type="stmt" count="83"/>
      <line num="44" type="stmt" count="83"/>
      <line num="45" type="stmt" count="83"/>
      <line num="46" type="stmt" count="83"/>
      <line num="47" type="stmt" count="83"/>
      <line num="51" type="stmt" count="83"/>
      <line num="52" type="stmt" count="83"/>
      <line num="53" type="stmt" count="83"/>
      <line num="54" type="stmt" count="83"/>
      <line num="55" type="stmt" count="83"/>
      <line num="56" type="stmt" count="83"/>
      <line num="57" type="stmt" count="83"/>
      <line num="61" type="stmt" count="83"/>
      <line num="62" type="stmt" count="83"/>
      <line num="63" type="stmt" count="83"/>
      <line num="64" type="stmt" count="83"/>
      <line num="65" type="stmt" count="83"/>
      <line num="66" type="stmt" count="83"/>
      <line num="67" type="stmt" count="83"/>
      <line num="68" type="stmt" count="83"/>
      <metrics loc="73" ncloc="62" classes="0" methods="0" coveredmethods="0" conditionals="0" coveredconditionals="0" statements="37" coveredstatements="35" elements="37" coveredelements="35"/>
    </file>
    <metrics files="35" loc="2030" ncloc="1484" classes="29" methods="86" coveredmethods="78" conditionals="0" coveredconditionals="0" statements="387" coveredstatements="374" elements="473" coveredelements="452"/>
  </project>
</coverage>
