<?xml version="1.0" encoding="UTF-8"?>
<coverage generated="1645903481">
  <project timestamp="1645903481">
    <file name="/app/app/Core/Exceptions/CoreException.php">
      <class name="Core\Exceptions\CoreException" namespace="global">
        <metrics complexity="1" methods="1" coveredmethods="1" conditionals="0" coveredconditionals="0" statements="1" coveredstatements="1" elements="2" coveredelements="2"/>
      </class>
      <line num="6" type="method" name="__construct" visibility="public" complexity="1" crap="1" count="22"/>
      <line num="7" type="stmt" count="22"/>
      <metrics loc="13" ncloc="13" classes="1" methods="1" coveredmethods="1" conditionals="0" coveredconditionals="0" statements="1" coveredstatements="1" elements="2" coveredelements="2"/>
    </file>
    <file name="/app/app/Core/Exceptions/ValidationException.php">
      <class name="Core\Exceptions\ValidationException" namespace="global">
        <metrics complexity="3" methods="3" coveredmethods="1" conditionals="0" coveredconditionals="0" statements="4" coveredstatements="2" elements="7" coveredelements="3"/>
      </class>
      <line num="8" type="method" name="__construct" visibility="public" complexity="1" crap="1" count="22"/>
      <line num="9" type="stmt" count="22"/>
      <line num="11" type="stmt" count="22"/>
      <line num="14" type="method" name="mensagemAmigavel" visibility="public" complexity="1" crap="2" count="0"/>
      <line num="16" type="stmt" count="0"/>
      <line num="19" type="method" name="mensagemLog" visibility="public" complexity="1" crap="2" count="0"/>
      <line num="21" type="stmt" count="0"/>
      <metrics loc="23" ncloc="23" classes="1" methods="3" coveredmethods="1" conditionals="0" coveredconditionals="0" statements="4" coveredstatements="2" elements="7" coveredelements="3"/>
    </file>
    <file name="/app/app/Core/Models/Autor.php">
      <class name="Core\Models\Autor" namespace="global">
        <metrics complexity="2" methods="1" coveredmethods="1" conditionals="0" coveredconditionals="0" statements="1" coveredstatements="1" elements="2" coveredelements="2"/>
      </class>
      <line num="15" type="method" name="getId" visibility="public" complexity="1" crap="1" count="29"/>
      <line num="16" type="stmt" count="29"/>
      <metrics loc="19" ncloc="19" classes="1" methods="1" coveredmethods="1" conditionals="0" coveredconditionals="0" statements="1" coveredstatements="1" elements="2" coveredelements="2"/>
    </file>
    <file name="/app/app/Core/Models/CPF.php">
      <class name="Core\Models\CPF" namespace="global">
        <metrics complexity="11" methods="4" coveredmethods="4" conditionals="0" coveredconditionals="0" statements="48" coveredstatements="48" elements="52" coveredelements="52"/>
      </class>
      <line num="11" type="method" name="__construct" visibility="public" complexity="2" crap="2" count="33"/>
      <line num="13" type="stmt" count="33"/>
      <line num="14" type="stmt" count="13"/>
      <line num="16" type="stmt" count="20"/>
      <line num="19" type="method" name="cpfValido" visibility="private" complexity="7" crap="7" count="33"/>
      <line num="21" type="stmt" count="33"/>
      <line num="22" type="stmt" count="2"/>
      <line num="25" type="stmt" count="31"/>
      <line num="40" type="stmt" count="31"/>
      <line num="41" type="stmt" count="10"/>
      <line num="44" type="stmt" count="21"/>
      <line num="45" type="stmt" count="21"/>
      <line num="47" type="stmt" count="21"/>
      <line num="48" type="stmt" count="21"/>
      <line num="49" type="stmt" count="21"/>
      <line num="50" type="stmt" count="21"/>
      <line num="51" type="stmt" count="21"/>
      <line num="52" type="stmt" count="21"/>
      <line num="53" type="stmt" count="21"/>
      <line num="54" type="stmt" count="21"/>
      <line num="55" type="stmt" count="21"/>
      <line num="56" type="stmt" count="21"/>
      <line num="57" type="stmt" count="21"/>
      <line num="59" type="stmt" count="21"/>
      <line num="60" type="stmt" count="21"/>
      <line num="62" type="stmt" count="21"/>
      <line num="63" type="stmt" count="21"/>
      <line num="64" type="stmt" count="21"/>
      <line num="65" type="stmt" count="21"/>
      <line num="66" type="stmt" count="21"/>
      <line num="67" type="stmt" count="21"/>
      <line num="68" type="stmt" count="21"/>
      <line num="69" type="stmt" count="21"/>
      <line num="70" type="stmt" count="21"/>
      <line num="71" type="stmt" count="21"/>
      <line num="72" type="stmt" count="21"/>
      <line num="74" type="stmt" count="21"/>
      <line num="75" type="stmt" count="21"/>
      <line num="76" type="stmt" count="21"/>
      <line num="79" type="stmt" count="21"/>
      <line num="80" type="stmt" count="21"/>
      <line num="82" type="stmt" count="20"/>
      <line num="85" type="stmt" count="1"/>
      <line num="88" type="method" name="formatado" visibility="public" complexity="1" crap="1" count="3"/>
      <line num="90" type="stmt" count="3"/>
      <line num="91" type="stmt" count="3"/>
      <line num="92" type="stmt" count="3"/>
      <line num="93" type="stmt" count="3"/>
      <line num="94" type="stmt" count="3"/>
      <line num="96" type="stmt" count="3"/>
      <line num="99" type="method" name="getNumero" visibility="public" complexity="1" crap="1" count="17"/>
      <line num="101" type="stmt" count="17"/>
      <metrics loc="103" ncloc="103" classes="1" methods="4" coveredmethods="4" conditionals="0" coveredconditionals="0" statements="48" coveredstatements="48" elements="52" coveredelements="52"/>
    </file>
    <file name="/app/app/Core/Models/Email.php">
      <class name="Core\Models\Email" namespace="global">
        <metrics complexity="4" methods="3" coveredmethods="3" conditionals="0" coveredconditionals="0" statements="6" coveredstatements="6" elements="9" coveredelements="9"/>
      </class>
      <line num="11" type="method" name="__construct" visibility="public" complexity="1" crap="1" count="24"/>
      <line num="13" type="stmt" count="24"/>
      <line num="16" type="method" name="getEmail" visibility="public" complexity="1" crap="1" count="17"/>
      <line num="17" type="stmt" count="17"/>
      <line num="20" type="method" name="setEmail" visibility="public" complexity="2" crap="2" count="24"/>
      <line num="21" type="stmt" count="24"/>
      <line num="22" type="stmt" count="7"/>
      <line num="24" type="stmt" count="17"/>
      <line num="25" type="stmt" count="17"/>
      <metrics loc="27" ncloc="27" classes="1" methods="3" coveredmethods="3" conditionals="0" coveredconditionals="0" statements="6" coveredstatements="6" elements="9" coveredelements="9"/>
    </file>
    <file name="/app/app/Core/Models/Livro.php">
      <class name="Core\Models\Livro" namespace="global">
        <metrics complexity="5" methods="5" coveredmethods="5" conditionals="0" coveredconditionals="0" statements="7" coveredstatements="7" elements="12" coveredelements="12"/>
      </class>
      <line num="15" type="method" name="__construct" visibility="public" complexity="1" crap="1" count="15"/>
      <line num="21" type="stmt" count="15"/>
      <line num="24" type="method" name="getId" visibility="public" complexity="1" crap="1" count="15"/>
      <line num="25" type="stmt" count="15"/>
      <line num="28" type="method" name="ativar" visibility="public" complexity="1" crap="1" count="1"/>
      <line num="29" type="stmt" count="1"/>
      <line num="30" type="stmt" count="1"/>
      <line num="33" type="method" name="inativar" visibility="public" complexity="1" crap="1" count="1"/>
      <line num="34" type="stmt" count="1"/>
      <line num="35" type="stmt" count="1"/>
      <line num="38" type="method" name="getAtivo" visibility="public" complexity="1" crap="1" count="6"/>
      <line num="39" type="stmt" count="6"/>
      <metrics loc="42" ncloc="42" classes="1" methods="5" coveredmethods="5" conditionals="0" coveredconditionals="0" statements="7" coveredstatements="7" elements="12" coveredelements="12"/>
    </file>
    <file name="/app/app/Core/Models/Papel.php">
      <class name="Core\Models\Papel" namespace="global">
        <metrics complexity="3" methods="2" coveredmethods="1" conditionals="0" coveredconditionals="0" statements="4" coveredstatements="3" elements="6" coveredelements="4"/>
      </class>
      <line num="11" type="method" name="__construct" visibility="public" complexity="2" crap="2.15" count="17"/>
      <line num="14" type="stmt" count="17"/>
      <line num="15" type="stmt" count="17"/>
      <line num="17" type="stmt" count="0"/>
      <line num="21" type="method" name="get" visibility="public" complexity="1" crap="1" count="17"/>
      <line num="23" type="stmt" count="17"/>
      <metrics loc="25" ncloc="25" classes="1" methods="2" coveredmethods="1" conditionals="0" coveredconditionals="0" statements="4" coveredstatements="3" elements="6" coveredelements="4"/>
    </file>
    <file name="/app/app/Core/Models/Usuario.php">
      <class name="Core\Models\Usuario" namespace="global">
        <metrics complexity="6" methods="6" coveredmethods="4" conditionals="0" coveredconditionals="0" statements="8" coveredstatements="4" elements="14" coveredelements="8"/>
      </class>
      <line num="17" type="method" name="__construct" visibility="public" complexity="1" crap="1" count="17"/>
      <line num="25" type="stmt" count="17"/>
      <line num="28" type="method" name="getId" visibility="public" complexity="1" crap="1" count="17"/>
      <line num="29" type="stmt" count="17"/>
      <line num="32" type="method" name="getSenha" visibility="public" complexity="1" crap="1" count="4"/>
      <line num="33" type="stmt" count="4"/>
      <line num="36" type="method" name="ativar" visibility="public" complexity="1" crap="2" count="0"/>
      <line num="37" type="stmt" count="0"/>
      <line num="38" type="stmt" count="0"/>
      <line num="41" type="method" name="inativar" visibility="public" complexity="1" crap="2" count="0"/>
      <line num="42" type="stmt" count="0"/>
      <line num="43" type="stmt" count="0"/>
      <line num="46" type="method" name="getAtivo" visibility="public" complexity="1" crap="1" count="1"/>
      <line num="47" type="stmt" count="1"/>
      <metrics loc="49" ncloc="48" classes="1" methods="6" coveredmethods="4" conditionals="0" coveredconditionals="0" statements="8" coveredstatements="4" elements="14" coveredelements="8"/>
    </file>
    <file name="/app/app/Core/Providers/ICriptografiaProvider.php">
      <metrics loc="9" ncloc="9" classes="0" methods="0" coveredmethods="0" conditionals="0" coveredconditionals="0" statements="0" coveredstatements="0" elements="0" coveredelements="0"/>
    </file>
    <file name="/app/app/Core/Repositories/IAutoresRepository.php">
      <metrics loc="14" ncloc="14" classes="0" methods="0" coveredmethods="0" conditionals="0" coveredconditionals="0" statements="0" coveredstatements="0" elements="0" coveredelements="0"/>
    </file>
    <file name="/app/app/Core/Repositories/ILivrosRepository.php">
      <metrics loc="13" ncloc="13" classes="0" methods="0" coveredmethods="0" conditionals="0" coveredconditionals="0" statements="0" coveredstatements="0" elements="0" coveredelements="0"/>
    </file>
    <file name="/app/app/Core/Repositories/IUsuariosRepository.php">
      <metrics loc="14" ncloc="14" classes="0" methods="0" coveredmethods="0" conditionals="0" coveredconditionals="0" statements="0" coveredstatements="0" elements="0" coveredelements="0"/>
    </file>
    <file name="/app/app/Core/Services/Emprestimo/CadastroAutorService.php">
      <class name="Core\Services\Emprestimo\CadastroAutorService" namespace="global">
        <metrics complexity="3" methods="1" coveredmethods="1" conditionals="0" coveredconditionals="0" statements="6" coveredstatements="6" elements="7" coveredelements="7"/>
      </class>
      <line num="19" type="method" name="execute" visibility="public" complexity="2" crap="2" count="29"/>
      <line num="23" type="stmt" count="29"/>
      <line num="25" type="stmt" count="29"/>
      <line num="26" type="stmt" count="2"/>
      <line num="27" type="stmt" count="2"/>
      <line num="29" type="stmt" count="29"/>
      <line num="35" type="stmt" count="29"/>
      <metrics loc="38" ncloc="38" classes="1" methods="1" coveredmethods="1" conditionals="0" coveredconditionals="0" statements="6" coveredstatements="6" elements="7" coveredelements="7"/>
    </file>
    <file name="/app/app/Core/Services/Emprestimo/CadastroLivroService.php">
      <class name="Core\Services\Emprestimo\CadastroLivroService" namespace="global">
        <metrics complexity="3" methods="1" coveredmethods="1" conditionals="0" coveredconditionals="0" statements="9" coveredstatements="9" elements="10" coveredelements="10"/>
      </class>
      <line num="22" type="method" name="execute" visibility="public" complexity="2" crap="2" count="15"/>
      <line num="28" type="stmt" count="15"/>
      <line num="30" type="stmt" count="15"/>
      <line num="32" type="stmt" count="15"/>
      <line num="33" type="stmt" count="1"/>
      <line num="34" type="stmt" count="1"/>
      <line num="35" type="stmt" count="1"/>
      <line num="36" type="stmt" count="1"/>
      <line num="38" type="stmt" count="15"/>
      <line num="45" type="stmt" count="15"/>
      <metrics loc="47" ncloc="47" classes="1" methods="1" coveredmethods="1" conditionals="0" coveredconditionals="0" statements="9" coveredstatements="9" elements="10" coveredelements="10"/>
    </file>
    <file name="/app/app/Core/Services/Usuario/CadastroUsuarioService.php">
      <class name="Core\Services\Usuario\CadastroUsuarioService" namespace="global">
        <metrics complexity="5" methods="1" coveredmethods="1" conditionals="0" coveredconditionals="0" statements="14" coveredstatements="14" elements="15" coveredelements="15"/>
      </class>
      <line num="29" type="method" name="execute" visibility="public" complexity="4" crap="4" count="17"/>
      <line num="36" type="stmt" count="17"/>
      <line num="37" type="stmt" count="7"/>
      <line num="40" type="stmt" count="17"/>
      <line num="42" type="stmt" count="17"/>
      <line num="44" type="stmt" count="17"/>
      <line num="45" type="stmt" count="1"/>
      <line num="48" type="stmt" count="17"/>
      <line num="50" type="stmt" count="17"/>
      <line num="51" type="stmt" count="1"/>
      <line num="54" type="stmt" count="17"/>
      <line num="56" type="stmt" count="17"/>
      <line num="58" type="stmt" count="17"/>
      <line num="59" type="stmt" count="17"/>
      <line num="62" type="stmt" count="17"/>
      <metrics loc="64" ncloc="64" classes="1" methods="1" coveredmethods="1" conditionals="0" coveredconditionals="0" statements="14" coveredstatements="14" elements="15" coveredelements="15"/>
    </file>
    <file name="/app/app/Core/Services/Usuario/LoginEmailSenhaService.php">
      <class name="Core\Services\Usuario\LoginEmailSenhaService" namespace="global">
        <metrics complexity="3" methods="1" coveredmethods="1" conditionals="0" coveredconditionals="0" statements="5" coveredstatements="5" elements="6" coveredelements="6"/>
      </class>
      <line num="27" type="method" name="execute" visibility="public" complexity="2" crap="2" count="3"/>
      <line num="31" type="stmt" count="3"/>
      <line num="33" type="stmt" count="3"/>
      <line num="34" type="stmt" count="1"/>
      <line num="37" type="stmt" count="2"/>
      <line num="38" type="stmt" count="2"/>
      <metrics loc="41" ncloc="41" classes="1" methods="1" coveredmethods="1" conditionals="0" coveredconditionals="0" statements="5" coveredstatements="5" elements="6" coveredelements="6"/>
    </file>
    <file name="/app/app/Http/Controllers/AuthController.php">
      <class name="App\Http\Controllers\AuthController" namespace="global">
        <metrics complexity="3" methods="1" coveredmethods="1" conditionals="0" coveredconditionals="0" statements="8" coveredstatements="8" elements="9" coveredelements="9"/>
      </class>
      <line num="43" type="method" name="loginJWT" visibility="public" complexity="2" crap="2" count="3"/>
      <line num="45" type="stmt" count="3"/>
      <line num="50" type="stmt" count="3"/>
      <line num="52" type="stmt" count="3"/>
      <line num="53" type="stmt" count="2"/>
      <line num="56" type="stmt" count="1"/>
      <line num="57" type="stmt" count="1"/>
      <line num="58" type="stmt" count="1"/>
      <line num="62" type="stmt" count="1"/>
      <metrics loc="64" ncloc="39" classes="1" methods="1" coveredmethods="1" conditionals="0" coveredconditionals="0" statements="8" coveredstatements="8" elements="9" coveredelements="9"/>
    </file>
    <file name="/app/app/Http/Controllers/AuthorController.php">
      <class name="App\Http\Controllers\AuthorController" namespace="global">
        <metrics complexity="8" methods="5" coveredmethods="5" conditionals="0" coveredconditionals="0" statements="20" coveredstatements="20" elements="25" coveredelements="25"/>
      </class>
      <line num="40" type="method" name="show" visibility="public" complexity="2" crap="2" count="2"/>
      <line num="42" type="stmt" count="2"/>
      <line num="44" type="stmt" count="2"/>
      <line num="45" type="stmt" count="1"/>
      <line num="48" type="stmt" count="1"/>
      <line num="72" type="method" name="index" visibility="public" complexity="2" crap="2" count="2"/>
      <line num="74" type="stmt" count="2"/>
      <line num="76" type="stmt" count="2"/>
      <line num="78" type="stmt" count="2"/>
      <line num="79" type="stmt" count="1"/>
      <line num="82" type="stmt" count="2"/>
      <line num="84" type="stmt" count="2"/>
      <line num="108" type="method" name="store" visibility="public" complexity="1" crap="1" count="2"/>
      <line num="110" type="stmt" count="2"/>
      <line num="114" type="stmt" count="2"/>
      <line num="115" type="stmt" count="2"/>
      <line num="118" type="stmt" count="2"/>
      <line num="149" type="method" name="update" visibility="public" complexity="1" crap="1" count="1"/>
      <line num="151" type="stmt" count="1"/>
      <line num="155" type="stmt" count="1"/>
      <line num="157" type="stmt" count="1"/>
      <line num="160" type="stmt" count="1"/>
      <line num="179" type="method" name="destroy" visibility="public" complexity="1" crap="1" count="1"/>
      <line num="181" type="stmt" count="1"/>
      <line num="183" type="stmt" count="1"/>
      <metrics loc="185" ncloc="83" classes="1" methods="5" coveredmethods="5" conditionals="0" coveredconditionals="0" statements="20" coveredstatements="20" elements="25" coveredelements="25"/>
    </file>
    <file name="/app/app/Http/Controllers/BookController.php">
      <class name="App\Http\Controllers\BookController" namespace="global">
        <metrics complexity="9" methods="6" coveredmethods="6" conditionals="0" coveredconditionals="0" statements="30" coveredstatements="30" elements="36" coveredelements="36"/>
      </class>
      <line num="40" type="method" name="show" visibility="public" complexity="2" crap="2" count="2"/>
      <line num="42" type="stmt" count="2"/>
      <line num="44" type="stmt" count="2"/>
      <line num="45" type="stmt" count="1"/>
      <line num="48" type="stmt" count="1"/>
      <line num="72" type="method" name="index" visibility="public" complexity="2" crap="2" count="2"/>
      <line num="74" type="stmt" count="2"/>
      <line num="76" type="stmt" count="2"/>
      <line num="78" type="stmt" count="2"/>
      <line num="79" type="stmt" count="1"/>
      <line num="82" type="stmt" count="2"/>
      <line num="84" type="stmt" count="2"/>
      <line num="118" type="method" name="store" visibility="public" complexity="1" crap="1" count="2"/>
      <line num="120" type="stmt" count="2"/>
      <line num="126" type="stmt" count="2"/>
      <line num="127" type="stmt" count="2"/>
      <line num="128" type="stmt" count="2"/>
      <line num="129" type="stmt" count="2"/>
      <line num="132" type="stmt" count="2"/>
      <line num="173" type="method" name="update" visibility="public" complexity="1" crap="1" count="1"/>
      <line num="175" type="stmt" count="1"/>
      <line num="181" type="stmt" count="1"/>
      <line num="183" type="stmt" count="1"/>
      <line num="184" type="stmt" count="1"/>
      <line num="185" type="stmt" count="1"/>
      <line num="188" type="stmt" count="1"/>
      <line num="207" type="method" name="destroy" visibility="public" complexity="1" crap="1" count="1"/>
      <line num="209" type="stmt" count="1"/>
      <line num="210" type="stmt" count="1"/>
      <line num="211" type="stmt" count="1"/>
      <line num="213" type="stmt" count="1"/>
      <line num="232" type="method" name="activate" visibility="public" complexity="1" crap="1" count="1"/>
      <line num="234" type="stmt" count="1"/>
      <line num="235" type="stmt" count="1"/>
      <line num="236" type="stmt" count="1"/>
      <line num="238" type="stmt" count="1"/>
      <metrics loc="241" ncloc="103" classes="1" methods="6" coveredmethods="6" conditionals="0" coveredconditionals="0" statements="30" coveredstatements="30" elements="36" coveredelements="36"/>
    </file>
    <file name="/app/app/Http/Controllers/Controller.php">
      <class name="App\Http\Controllers\Controller" namespace="global">
        <metrics complexity="0" methods="0" coveredmethods="0" conditionals="0" coveredconditionals="0" statements="0" coveredstatements="0" elements="0" coveredelements="0"/>
      </class>
      <metrics loc="10" ncloc="9" classes="0" methods="0" coveredmethods="0" conditionals="0" coveredconditionals="0" statements="0" coveredstatements="0" elements="0" coveredelements="0"/>
    </file>
    <file name="/app/app/Http/Controllers/UserController.php">
      <class name="App\Http\Controllers\UserController" namespace="global">
        <metrics complexity="10" methods="3" coveredmethods="2" conditionals="0" coveredconditionals="0" statements="26" coveredstatements="24" elements="29" coveredelements="26"/>
      </class>
      <line num="43" type="method" name="show" visibility="public" complexity="2" crap="2" count="2"/>
      <line num="45" type="stmt" count="2"/>
      <line num="47" type="stmt" count="2"/>
      <line num="48" type="stmt" count="1"/>
      <line num="51" type="stmt" count="1"/>
      <line num="96" type="method" name="index" visibility="public" complexity="5" crap="5.12" count="4"/>
      <line num="98" type="stmt" count="4"/>
      <line num="100" type="stmt" count="4"/>
      <line num="102" type="stmt" count="4"/>
      <line num="103" type="stmt" count="1"/>
      <line num="106" type="stmt" count="4"/>
      <line num="107" type="stmt" count="0"/>
      <line num="110" type="stmt" count="4"/>
      <line num="111" type="stmt" count="1"/>
      <line num="114" type="stmt" count="4"/>
      <line num="115" type="stmt" count="0"/>
      <line num="118" type="stmt" count="4"/>
      <line num="120" type="stmt" count="4"/>
      <line num="164" type="method" name="store" visibility="public" complexity="2" crap="2" count="4"/>
      <line num="166" type="stmt" count="4"/>
      <line num="173" type="stmt" count="3"/>
      <line num="175" type="stmt" count="3"/>
      <line num="176" type="stmt" count="1"/>
      <line num="179" type="stmt" count="3"/>
      <line num="180" type="stmt" count="3"/>
      <line num="181" type="stmt" count="3"/>
      <line num="182" type="stmt" count="3"/>
      <line num="183" type="stmt" count="3"/>
      <line num="187" type="stmt" count="3"/>
      <metrics loc="189" ncloc="90" classes="1" methods="3" coveredmethods="2" conditionals="0" coveredconditionals="0" statements="26" coveredstatements="24" elements="29" coveredelements="26"/>
    </file>
    <file name="/app/app/Http/Middleware/Authenticate.php">
      <class name="App\Http\Middleware\Authenticate" namespace="global">
        <metrics complexity="4" methods="1" coveredmethods="1" conditionals="0" coveredconditionals="0" statements="5" coveredstatements="5" elements="6" coveredelements="6"/>
      </class>
      <line num="16" type="method" name="handle" visibility="public" complexity="3" crap="3" count="42"/>
      <line num="19" type="stmt" count="42"/>
      <line num="20" type="stmt" count="13"/>
      <line num="23" type="stmt" count="29"/>
      <line num="24" type="stmt" count="13"/>
      <line num="25" type="stmt" count="13"/>
      <metrics loc="28" ncloc="28" classes="1" methods="1" coveredmethods="1" conditionals="0" coveredconditionals="0" statements="5" coveredstatements="5" elements="6" coveredelements="6"/>
    </file>
    <file name="/app/app/Http/Middleware/HasRole.php">
      <class name="App\Http\Middleware\HasRole" namespace="global">
        <metrics complexity="5" methods="1" coveredmethods="1" conditionals="0" coveredconditionals="0" statements="6" coveredstatements="6" elements="7" coveredelements="7"/>
      </class>
      <line num="15" type="method" name="handle" visibility="public" complexity="4" crap="4" count="21"/>
      <line num="18" type="stmt" count="21"/>
      <line num="19" type="stmt" count="21"/>
      <line num="20" type="stmt" count="15"/>
      <line num="24" type="stmt" count="6"/>
      <line num="25" type="stmt" count="6"/>
      <line num="26" type="stmt" count="6"/>
      <metrics loc="30" ncloc="30" classes="1" methods="1" coveredmethods="1" conditionals="0" coveredconditionals="0" statements="6" coveredstatements="6" elements="7" coveredelements="7"/>
    </file>
    <file name="/app/app/Http/Resources/AuthorResource.php">
      <class name="App\Http\Resources\AuthorResource" namespace="global">
        <metrics complexity="1" methods="1" coveredmethods="1" conditionals="0" coveredconditionals="0" statements="2" coveredstatements="2" elements="3" coveredelements="3"/>
      </class>
      <line num="9" type="method" name="toArray" visibility="public" complexity="1" crap="1" count="12"/>
      <line num="12" type="stmt" count="12"/>
      <line num="13" type="stmt" count="12"/>
      <metrics loc="16" ncloc="16" classes="1" methods="1" coveredmethods="1" conditionals="0" coveredconditionals="0" statements="2" coveredstatements="2" elements="3" coveredelements="3"/>
    </file>
    <file name="/app/app/Http/Resources/BookResource.php">
      <class name="App\Http\Resources\BookResource" namespace="global">
        <metrics complexity="1" methods="1" coveredmethods="1" conditionals="0" coveredconditionals="0" statements="5" coveredstatements="5" elements="6" coveredelements="6"/>
      </class>
      <line num="9" type="method" name="toArray" visibility="public" complexity="1" crap="1" count="6"/>
      <line num="12" type="stmt" count="6"/>
      <line num="13" type="stmt" count="6"/>
      <line num="14" type="stmt" count="6"/>
      <line num="15" type="stmt" count="6"/>
      <line num="16" type="stmt" count="6"/>
      <metrics loc="20" ncloc="20" classes="1" methods="1" coveredmethods="1" conditionals="0" coveredconditionals="0" statements="5" coveredstatements="5" elements="6" coveredelements="6"/>
    </file>
    <file name="/app/app/Http/Resources/UserResource.php">
      <class name="App\Http\Resources\UserResource" namespace="global">
        <metrics complexity="1" methods="1" coveredmethods="1" conditionals="0" coveredconditionals="0" statements="5" coveredstatements="5" elements="6" coveredelements="6"/>
      </class>
      <line num="9" type="method" name="toArray" visibility="public" complexity="1" crap="1" count="7"/>
      <line num="12" type="stmt" count="7"/>
      <line num="13" type="stmt" count="7"/>
      <line num="14" type="stmt" count="7"/>
      <line num="15" type="stmt" count="7"/>
      <line num="16" type="stmt" count="7"/>
      <metrics loc="20" ncloc="20" classes="1" methods="1" coveredmethods="1" conditionals="0" coveredconditionals="0" statements="5" coveredstatements="5" elements="6" coveredelements="6"/>
    </file>
    <file name="/app/routes/web.php">
      <line num="16" type="stmt" count="49"/>
      <line num="17" type="stmt" count="0"/>
      <line num="20" type="stmt" count="49"/>
      <line num="21" type="stmt" count="0"/>
      <line num="24" type="stmt" count="49"/>
      <line num="25" type="stmt" count="49"/>
      <line num="27" type="stmt" count="49"/>
      <line num="28" type="stmt" count="49"/>
      <line num="31" type="stmt" count="49"/>
      <line num="32" type="stmt" count="49"/>
      <line num="33" type="stmt" count="49"/>
      <line num="34" type="stmt" count="49"/>
      <line num="35" type="stmt" count="49"/>
      <line num="39" type="stmt" count="49"/>
      <line num="40" type="stmt" count="49"/>
      <line num="41" type="stmt" count="49"/>
      <line num="42" type="stmt" count="49"/>
      <line num="43" type="stmt" count="49"/>
      <line num="44" type="stmt" count="49"/>
      <line num="45" type="stmt" count="49"/>
      <line num="49" type="stmt" count="49"/>
      <line num="50" type="stmt" count="49"/>
      <line num="51" type="stmt" count="49"/>
      <line num="52" type="stmt" count="49"/>
      <line num="53" type="stmt" count="49"/>
      <line num="54" type="stmt" count="49"/>
      <line num="55" type="stmt" count="49"/>
      <line num="56" type="stmt" count="49"/>
      <metrics loc="61" ncloc="50" classes="0" methods="0" coveredmethods="0" conditionals="0" coveredconditionals="0" statements="28" coveredstatements="26" elements="28" coveredelements="26"/>
    </file>
    <metrics files="27" loc="1405" ncloc="1028" classes="21" methods="49" coveredmethods="43" conditionals="0" coveredconditionals="0" statements="248" coveredstatements="237" elements="297" coveredelements="280"/>
  </project>
</coverage>
